<?xml version="1.0" encoding="UTF-8" ?>
<testsuite tests="5" failures="0" name="com.agile.RockPaperScissors.RockPaperScissorsGameTest" time="0.002" errors="0" skipped="0">
  <properties>
[...]
</properties>
  <testcase classname="com.agile.RockPaperScissors.RockPaperScissorsGameTest" name="test_WhenPlayingTheGame_ShouldReturnGameStatus" time="0"/>
  <testcase classname="com.agile.RockPaperScissors.RockPaperScissorsGameTest" name="test_WhenExceedingTheRounds_ShouldThrowException" time="0.001"/>
  <testcase classname="com.agile.RockPaperScissors.RockPaperScissorsGameTest" name="test_WhenPlayingTheWholeGame_ShouldReturnTheWinner" time="0"/>
  <testcase classname="com.agile.RockPaperScissors.RockPaperScissorsGameTest" name="test_WhenPlayingTheGameSecondRound_ShouldReturnGameStatus" time="0.001"/>
  <testcase classname="com.agile.RockPaperScissors.RockPaperScissorsGameTest" name="test_WhenStartingTheGame_ShouldReturnEmptyGameStatus" time="0"/>
</testsuite>